Connecting to database specified by database.yml
Connecting to database specified by database.yml
  [1m[36m (0.2ms)[0m  [1mselect sqlite_version(*)[0m
  [1m[35m (1.0ms)[0m  CREATE TABLE "schema_migrations" ("version" varchar(255) NOT NULL) 
  [1m[36m (0.9ms)[0m  [1mCREATE UNIQUE INDEX "unique_schema_migrations" ON "schema_migrations" ("version")[0m
  [1m[35m (0.1ms)[0m  SELECT "schema_migrations"."version" FROM "schema_migrations" 
Migrating to CreateUsers (20130713192957)
  [1m[36m (0.1ms)[0m  [1mbegin transaction[0m
  [1m[35m (0.4ms)[0m  CREATE TABLE "users" ("id" INTEGER PRIMARY KEY AUTOINCREMENT NOT NULL, "name" varchar(255), "email" varchar(255), "created_at" datetime NOT NULL, "updated_at" datetime NOT NULL) 
  [1m[36m (0.1ms)[0m  [1mINSERT INTO "schema_migrations" ("version") VALUES ('20130713192957')[0m
  [1m[35m (0.9ms)[0m  commit transaction
  [1m[36m (0.1ms)[0m  [1mSELECT "schema_migrations"."version" FROM "schema_migrations" [0m
Connecting to database specified by database.yml


Started GET "/users" for 127.0.0.1 at 2013-07-13 12:32:03 -0700
Processing by UsersController#index as HTML
  [1m[36mUser Load (0.2ms)[0m  [1mSELECT "users".* FROM "users" [0m
  Rendered users/index.html.erb within layouts/application (5.8ms)
Compiled scaffolds.css  (37ms)  (pid 23590)
Compiled users.css  (3ms)  (pid 23590)
Compiled application.css  (68ms)  (pid 23590)
Compiled jquery.js  (4ms)  (pid 23590)
Compiled jquery_ujs.js  (0ms)  (pid 23590)
Compiled users.js  (196ms)  (pid 23590)
Compiled application.js  (267ms)  (pid 23590)
Completed 200 OK in 491ms (Views: 450.2ms | ActiveRecord: 3.2ms)


Started GET "/assets/application.css?body=1" for 127.0.0.1 at 2013-07-13 12:32:04 -0700
Served asset /application.css - 200 OK (22ms)


Started GET "/assets/jquery_ujs.js?body=1" for 127.0.0.1 at 2013-07-13 12:32:04 -0700
Served asset /jquery_ujs.js - 200 OK (5ms)


Started GET "/assets/jquery.js?body=1" for 127.0.0.1 at 2013-07-13 12:32:04 -0700
Served asset /jquery.js - 200 OK (8ms)


Started GET "/assets/users.css?body=1" for 127.0.0.1 at 2013-07-13 12:32:04 -0700
Served asset /users.css - 200 OK (5ms)


Started GET "/assets/scaffolds.css?body=1" for 127.0.0.1 at 2013-07-13 12:32:04 -0700
Served asset /scaffolds.css - 200 OK (2ms)


Started GET "/assets/users.js?body=1" for 127.0.0.1 at 2013-07-13 12:32:04 -0700
Served asset /users.js - 200 OK (3ms)


Started GET "/assets/application.js?body=1" for 127.0.0.1 at 2013-07-13 12:32:04 -0700
Served asset /application.js - 200 OK (12ms)


Started GET "/users/new" for 127.0.0.1 at 2013-07-13 12:32:06 -0700
Processing by UsersController#new as HTML
  Rendered users/_form.html.erb (16.4ms)
  Rendered users/new.html.erb within layouts/application (26.3ms)
Completed 200 OK in 63ms (Views: 51.6ms | ActiveRecord: 0.0ms)
Connecting to database specified by database.yml
Connecting to database specified by database.yml
  [1m[36m (0.1ms)[0m  [1mSELECT "schema_migrations"."version" FROM "schema_migrations" [0m
Migrating to CreateUsers (20130713192957)
Migrating to CreateMicroposts (20130713193520)
  [1m[35m (0.1ms)[0m  select sqlite_version(*)
  [1m[36m (0.1ms)[0m  [1mbegin transaction[0m
  [1m[35m (0.5ms)[0m  CREATE TABLE "microposts" ("id" INTEGER PRIMARY KEY AUTOINCREMENT NOT NULL, "content" varchar(255), "user_id" integer, "created_at" datetime NOT NULL, "updated_at" datetime NOT NULL) 
  [1m[36m (0.2ms)[0m  [1mINSERT INTO "schema_migrations" ("version") VALUES ('20130713193520')[0m
  [1m[35m (0.8ms)[0m  commit transaction
  [1m[36m (0.1ms)[0m  [1mSELECT "schema_migrations"."version" FROM "schema_migrations" [0m
